c:\users\user\source\repos\warbandinternal\warbandinternal\release\warbandinternal.pch
c:\users\user\source\repos\warbandinternal\warbandinternal\release\vc142.pdb
c:\users\user\source\repos\warbandinternal\warbandinternal\release\vc142.idb
c:\users\user\source\repos\warbandinternal\warbandinternal\release\pch.obj
c:\users\user\source\repos\warbandinternal\warbandinternal\release\imgui_widgets.obj
c:\users\user\source\repos\warbandinternal\warbandinternal\release\imgui_tables.obj
c:\users\user\source\repos\warbandinternal\warbandinternal\release\imgui_impl_win32.obj
c:\users\user\source\repos\warbandinternal\warbandinternal\release\imgui_impl_dx9.obj
c:\users\user\source\repos\warbandinternal\warbandinternal\release\imgui_draw.obj
c:\users\user\source\repos\warbandinternal\warbandinternal\release\imgui_demo.obj
c:\users\user\source\repos\warbandinternal\warbandinternal\release\imgui.obj
c:\users\user\source\repos\warbandinternal\warbandinternal\release\hook.obj
c:\users\user\source\repos\warbandinternal\warbandinternal\release\dx.obj
c:\users\user\source\repos\warbandinternal\warbandinternal\release\drawing.obj
c:\users\user\source\repos\warbandinternal\warbandinternal\release\dllmain.obj
c:\users\user\source\repos\warbandinternal\warbandinternal\release\gui.obj
c:\users\user\source\repos\warbandinternal\warbandinternal\release\module.obj
d:\users\user\source\repos\warbandinternal\warbandinternal\release\warbandinternal.pch
d:\users\user\source\repos\warbandinternal\warbandinternal\release\vc143.pdb
d:\users\user\source\repos\warbandinternal\warbandinternal\release\vc143.idb
d:\users\user\source\repos\warbandinternal\warbandinternal\release\pch.obj
d:\users\user\source\repos\warbandinternal\warbandinternal\release\imgui_widgets.obj
d:\users\user\source\repos\warbandinternal\warbandinternal\release\imgui_tables.obj
d:\users\user\source\repos\warbandinternal\warbandinternal\release\imgui_impl_win32.obj
d:\users\user\source\repos\warbandinternal\warbandinternal\release\imgui_impl_dx9.obj
d:\users\user\source\repos\warbandinternal\warbandinternal\release\imgui_draw.obj
d:\users\user\source\repos\warbandinternal\warbandinternal\release\imgui_demo.obj
d:\users\user\source\repos\warbandinternal\warbandinternal\release\imgui.obj
c:\users\user\source\repos\warbandinternal\release\warbandinternal.dll
c:\users\user\source\repos\warbandinternal\release\warbandinternal.pdb
c:\users\user\source\repos\warbandinternal\warbandinternal\release\warbandinternal.res
d:\users\user\source\repos\warbandinternal\warbandinternal\release\dllmain.obj
d:\users\user\source\repos\warbandinternal\warbandinternal\release\drawing.obj
d:\users\user\source\repos\warbandinternal\warbandinternal\release\dx.obj
d:\users\user\source\repos\warbandinternal\warbandinternal\release\gui.obj
d:\users\user\source\repos\warbandinternal\warbandinternal\release\hook.obj
d:\users\user\source\repos\warbandinternal\warbandinternal\release\module.obj
d:\users\user\source\repos\warbandinternal\warbandinternal\release\modulecheck.obj
d:\users\user\source\repos\warbandinternal\warbandinternal\release\warbandinternal.res
d:\users\user\source\repos\warbandinternal\warbandinternal\release\vc142.idb
d:\users\user\source\repos\warbandinternal\warbandinternal\release\vc142.pdb
d:\users\user\source\repos\warbandinternal\release\warbandinternal.pdb
d:\users\user\source\repos\warbandinternal\release\warbandinternal.dll
d:\users\user\source\repos\warbandinternal\warbandinternal\release\warbandinternal.tlog\cl.command.1.tlog
d:\users\user\source\repos\warbandinternal\warbandinternal\release\warbandinternal.tlog\cl.read.1.tlog
d:\users\user\source\repos\warbandinternal\warbandinternal\release\warbandinternal.tlog\cl.write.1.tlog
d:\users\user\source\repos\warbandinternal\warbandinternal\release\warbandinternal.tlog\link.command.1.tlog
d:\users\user\source\repos\warbandinternal\warbandinternal\release\warbandinternal.tlog\link.read.1.tlog
d:\users\user\source\repos\warbandinternal\warbandinternal\release\warbandinternal.tlog\link.write.1.tlog
d:\users\user\source\repos\warbandinternal\warbandinternal\release\warbandinternal.tlog\rc.command.1.tlog
d:\users\user\source\repos\warbandinternal\warbandinternal\release\warbandinternal.tlog\rc.read.1.tlog
d:\users\user\source\repos\warbandinternal\warbandinternal\release\warbandinternal.tlog\rc.write.1.tlog
